"../../../../../Unreal Project 3/Kenneyjam2020/Content/KenneyJam/Audio/error_002.uasset" 0
"../../../Engine/Content/Functions/Engine_MaterialFunctions02/Math/AddComponents.uasset" 1
"../../../../../Unreal Project 3/Kenneyjam2020/Content/KenneyJam/Materials/PostProcess/parchmentAncient.uasset" 2
"../../../../../Unreal Project 3/Kenneyjam2020/Content/KenneyJam/Materials/PostProcess/PP_Outline.uasset" 3
"../../../Engine/Content/Functions/Engine_MaterialFunctions01/Opacity/CameraDepthFade.uasset" 4
"../../../Engine/Content/EngineMaterials/T_Default_Material_Grid_M.uasset" 5
"../../../Engine/Content/EngineMaterials/T_Default_Material_Grid_N.uasset" 6
"../../../Engine/Content/EngineMaterials/WorldGridMaterial.uasset" 7
"../../../../../Unreal Project 3/Kenneyjam2020/Content/KenneyJam/Meshes/Castle/bridge.uasset" 8
"../../../../../Unreal Project 3/Kenneyjam2020/Content/KenneyJam/Meshes/Castle/bridgeStraightPole_exclusive.uasset" 9
"../../../../../Unreal Project 3/Kenneyjam2020/Content/KenneyJam/Meshes/Castle/bridgeStraight_exclusive.uasset" 10
"../../../../../Unreal Project 3/Kenneyjam2020/Content/KenneyJam/Meshes/Castle/door.uasset" 11
"../../../../../Unreal Project 3/Kenneyjam2020/Content/KenneyJam/Meshes/Castle/flagBannerLong.uasset" 12
"../../../../../Unreal Project 3/Kenneyjam2020/Content/KenneyJam/Meshes/Castle/flagBlue.uasset" 13
"../../../../../Unreal Project 3/Kenneyjam2020/Content/KenneyJam/Meshes/Castle/flagBlueWide.uasset" 14
"../../../../../Unreal Project 3/Kenneyjam2020/Content/KenneyJam/Meshes/Castle/flagWhite.uasset" 15
"../../../../../Unreal Project 3/Kenneyjam2020/Content/KenneyJam/Meshes/Castle/flagWhiteWide.uasset" 16
"../../../../../Unreal Project 3/Kenneyjam2020/Content/KenneyJam/Meshes/Castle/gate.uasset" 17
"../../../../../Unreal Project 3/Kenneyjam2020/Content/KenneyJam/Meshes/Castle/king.uasset" 18
"../../../../../Unreal Project 3/Kenneyjam2020/Content/KenneyJam/Meshes/Castle/king1.uasset" 19
"../../../../../Unreal Project 3/Kenneyjam2020/Content/KenneyJam/Meshes/Castle/king2.uasset" 20
"../../../../../Unreal Project 3/Kenneyjam2020/Content/KenneyJam/Meshes/Castle/king3.uasset" 21
"../../../../../Unreal Project 3/Kenneyjam2020/Content/KenneyJam/Meshes/Castle/king4.uasset" 22
"../../../../../Unreal Project 3/Kenneyjam2020/Content/KenneyJam/Meshes/Castle/knightBlue.uasset" 23
"../../../../../Unreal Project 3/Kenneyjam2020/Content/KenneyJam/Meshes/Castle/knightBlue1.uasset" 24
"../../../../../Unreal Project 3/Kenneyjam2020/Content/KenneyJam/Meshes/Castle/knightBlue2.uasset" 25
"../../../../../Unreal Project 3/Kenneyjam2020/Content/KenneyJam/Meshes/Castle/knightBlue3.uasset" 26
"../../../../../Unreal Project 3/Kenneyjam2020/Content/KenneyJam/Meshes/Castle/knightBlue4.uasset" 27
"../../../../../Unreal Project 3/Kenneyjam2020/Content/KenneyJam/Meshes/Castle/knightRed.uasset" 28
"../../../../../Unreal Project 3/Kenneyjam2020/Content/KenneyJam/Meshes/Castle/knightRed1.uasset" 29
"../../../../../Unreal Project 3/Kenneyjam2020/Content/KenneyJam/Meshes/Castle/knightRed2.uasset" 30
"../../../../../Unreal Project 3/Kenneyjam2020/Content/KenneyJam/Meshes/Castle/knightRed3.uasset" 31
"../../../../../Unreal Project 3/Kenneyjam2020/Content/KenneyJam/Meshes/Castle/knightRed4.uasset" 32
"../../../../../Unreal Project 3/Kenneyjam2020/Content/KenneyJam/Meshes/Castle/metalGate.uasset" 33
"../../../../../Unreal Project 3/Kenneyjam2020/Content/KenneyJam/Meshes/Castle/shieldBlue.uasset" 34
"../../../../../Unreal Project 3/Kenneyjam2020/Content/KenneyJam/Meshes/Castle/shieldRed.uasset" 35
"../../../../../Unreal Project 3/Kenneyjam2020/Content/KenneyJam/Meshes/Castle/siegeBallista.uasset" 36
"../../../../../Unreal Project 3/Kenneyjam2020/Content/KenneyJam/Meshes/Castle/siegeCatapult.uasset" 37
"../../../../../Unreal Project 3/Kenneyjam2020/Content/KenneyJam/Meshes/Castle/siegeRam.uasset" 38
"../../../../../Unreal Project 3/Kenneyjam2020/Content/KenneyJam/Meshes/Castle/siegeTower.uasset" 39
"../../../../../Unreal Project 3/Kenneyjam2020/Content/KenneyJam/Meshes/Castle/siegeTrebuchet.uasset" 40
"../../../../../Unreal Project 3/Kenneyjam2020/Content/KenneyJam/Meshes/Castle/stairsStone.uasset" 41
"../../../../../Unreal Project 3/Kenneyjam2020/Content/KenneyJam/Meshes/Castle/stairsStoneSlant.uasset" 42
"../../../../../Unreal Project 3/Kenneyjam2020/Content/KenneyJam/Meshes/Castle/sword.uasset" 43
"../../../../../Unreal Project 3/Kenneyjam2020/Content/KenneyJam/Meshes/Castle/towerBase.uasset" 44
"../../../../../Unreal Project 3/Kenneyjam2020/Content/KenneyJam/Meshes/Castle/towerHexagonBase_exclusive.uasset" 45
"../../../../../Unreal Project 3/Kenneyjam2020/Content/KenneyJam/Meshes/Castle/towerHexagonMid_exclusive.uasset" 46
"../../../../../Unreal Project 3/Kenneyjam2020/Content/KenneyJam/Meshes/Castle/towerHexagonRoofDetailed_exclusive.uasset" 47
"../../../../../Unreal Project 3/Kenneyjam2020/Content/KenneyJam/Meshes/Castle/towerHexagonRoof_exclusive.uasset" 48
"../../../../../Unreal Project 3/Kenneyjam2020/Content/KenneyJam/Meshes/Castle/towerHexagonTopWood_exclusive.uasset" 49
"../../../../../Unreal Project 3/Kenneyjam2020/Content/KenneyJam/Meshes/Castle/towerHexagonTop_exclusive.uasset" 50
"../../../../../Unreal Project 3/Kenneyjam2020/Content/KenneyJam/Meshes/Castle/towerSlantRoof_exclusive.uasset" 51
"../../../../../Unreal Project 3/Kenneyjam2020/Content/KenneyJam/Meshes/Castle/towerSquare.uasset" 52
"../../../../../Unreal Project 3/Kenneyjam2020/Content/KenneyJam/Meshes/Castle/towerSquareArch.uasset" 53
"../../../../../Unreal Project 3/Kenneyjam2020/Content/KenneyJam/Meshes/Castle/towerSquareBase.uasset" 54
"../../../../../Unreal Project 3/Kenneyjam2020/Content/KenneyJam/Meshes/Castle/towerSquareBaseBorder.uasset" 55
"../../../../../Unreal Project 3/Kenneyjam2020/Content/KenneyJam/Meshes/Castle/towerSquareBaseColor.uasset" 56
"../../../../../Unreal Project 3/Kenneyjam2020/Content/KenneyJam/Meshes/Castle/towerSquareMid.uasset" 57
"../../../../../Unreal Project 3/Kenneyjam2020/Content/KenneyJam/Meshes/Castle/towerSquareMidColor.uasset" 58
"../../../../../Unreal Project 3/Kenneyjam2020/Content/KenneyJam/Meshes/Castle/towerSquareMidDoor_exclusive.uasset" 59
"../../../../../Unreal Project 3/Kenneyjam2020/Content/KenneyJam/Meshes/Castle/towerSquareMidOpen.uasset" 60
"../../../../../Unreal Project 3/Kenneyjam2020/Content/KenneyJam/Meshes/Castle/towerSquareMidOpenSimple_exclusive.uasset" 61
"../../../../../Unreal Project 3/Kenneyjam2020/Content/KenneyJam/Meshes/Castle/towerSquareMidWindows.uasset" 62
"../../../../../Unreal Project 3/Kenneyjam2020/Content/KenneyJam/Meshes/Castle/towerSquareRoof.uasset" 63
"../../../../../Unreal Project 3/Kenneyjam2020/Content/KenneyJam/Meshes/Castle/towerSquareTop.uasset" 64
"../../../../../Unreal Project 3/Kenneyjam2020/Content/KenneyJam/Meshes/Castle/towerSquareTopColor.uasset" 65
"../../../../../Unreal Project 3/Kenneyjam2020/Content/KenneyJam/Meshes/Castle/towerSquareTopRoof.uasset" 66
"../../../../../Unreal Project 3/Kenneyjam2020/Content/KenneyJam/Meshes/Castle/towerSquareTopRoofHigh.uasset" 67
"../../../../../Unreal Project 3/Kenneyjam2020/Content/KenneyJam/Meshes/Castle/towerSquareTopRoofHighDetail.uasset" 68
"../../../../../Unreal Project 3/Kenneyjam2020/Content/KenneyJam/Meshes/Castle/towerSquareTopRoofHighWindows_exclusive.uasset" 69
"../../../../../Unreal Project 3/Kenneyjam2020/Content/KenneyJam/Meshes/Castle/towerTopCorner.uasset" 70
"../../../../../Unreal Project 3/Kenneyjam2020/Content/KenneyJam/Meshes/Castle/wall.uasset" 71
"../../../../../Unreal Project 3/Kenneyjam2020/Content/KenneyJam/Meshes/Castle/wallCorner.uasset" 72
"../../../../../Unreal Project 3/Kenneyjam2020/Content/KenneyJam/Meshes/Castle/wallCornerHalf.uasset" 73
"../../../../../Unreal Project 3/Kenneyjam2020/Content/KenneyJam/Meshes/Castle/wallCornerHalfTower.uasset" 74
"../../../../../Unreal Project 3/Kenneyjam2020/Content/KenneyJam/Meshes/Castle/wallCornerSlant_exclusive.uasset" 75
"../../../../../Unreal Project 3/Kenneyjam2020/Content/KenneyJam/Meshes/Castle/wallDoor.uasset" 76
"../../../../../Unreal Project 3/Kenneyjam2020/Content/KenneyJam/Meshes/Castle/wallHalf.uasset" 77
"../../../../../Unreal Project 3/Kenneyjam2020/Content/KenneyJam/Meshes/Castle/wallHalfModular_exclusive.uasset" 78
"../../../../../Unreal Project 3/Kenneyjam2020/Content/KenneyJam/Meshes/Castle/wallNarrow.uasset" 79
"../../../../../Unreal Project 3/Kenneyjam2020/Content/KenneyJam/Meshes/Castle/wallNarrowCorner.uasset" 80
"../../../../../Unreal Project 3/Kenneyjam2020/Content/KenneyJam/Meshes/Castle/wallNarrowGate.uasset" 81
"../../../../../Unreal Project 3/Kenneyjam2020/Content/KenneyJam/Meshes/Castle/wallNarrowStairs.uasset" 82
"../../../../../Unreal Project 3/Kenneyjam2020/Content/KenneyJam/Meshes/Castle/wallNarrowStairsFence.uasset" 83
"../../../../../Unreal Project 3/Kenneyjam2020/Content/KenneyJam/Meshes/Castle/wallNarrowWood.uasset" 84
"../../../../../Unreal Project 3/Kenneyjam2020/Content/KenneyJam/Meshes/Castle/wallNarrowWoodFence.uasset" 85
"../../../../../Unreal Project 3/Kenneyjam2020/Content/KenneyJam/Meshes/Castle/wallPillar.uasset" 86
"../../../../../Unreal Project 3/Kenneyjam2020/Content/KenneyJam/Meshes/Castle/wallStud.uasset" 87
"../../../../../Unreal Project 3/Kenneyjam2020/Content/KenneyJam/Meshes/Castle/wallToNarrow.uasset" 88
"../../../Engine/Content/Animation/DefaultAnimBoneCompressionSettings.uasset" 89
"../../../../../Unreal Project 3/Kenneyjam2020/Content/KenneyJam/Meshes/Character/characterMedium_Skeleton.uasset" 90
"../../../../../Unreal Project 3/Kenneyjam2020/Content/KenneyJam/Meshes/Character/Animations/idle_Root_0_Targeting_Pose.uasset" 91
"../../../../../Unreal Project 3/Kenneyjam2020/Content/KenneyJam/Meshes/Character/Animations/jump_Root_0_Targeting_Pose.uasset" 92
"../../../../../Unreal Project 3/Kenneyjam2020/Content/KenneyJam/Meshes/Character/Animations/jump_Root_Jump.uasset" 93
"../../../../../Unreal Project 3/Kenneyjam2020/Content/KenneyJam/Meshes/Character/Animations/run_Root_0_Targeting_Pose.uasset" 94
"../../../../../Unreal Project 3/Kenneyjam2020/Content/KenneyJam/Materials/Basic_M.uasset" 95
"../../../../../Unreal Project 3/Kenneyjam2020/Content/KenneyJam/Meshes/Platformer/barrel.uasset" 96
"../../../../../Unreal Project 3/Kenneyjam2020/Content/KenneyJam/Meshes/Platformer/blockCliff.uasset" 97
"../../../../../Unreal Project 3/Kenneyjam2020/Content/KenneyJam/Meshes/Platformer/blockCliffCorner.uasset" 98
"../../../../../Unreal Project 3/Kenneyjam2020/Content/KenneyJam/Meshes/Platformer/blockCornerLarge.uasset" 99
"../../../../../Unreal Project 3/Kenneyjam2020/Content/KenneyJam/Meshes/Platformer/blockCornerSmall.uasset" 100
"../../../../../Unreal Project 3/Kenneyjam2020/Content/KenneyJam/Meshes/Platformer/blockDirtHalf.uasset" 101
"../../../../../Unreal Project 3/Kenneyjam2020/Content/KenneyJam/Meshes/Platformer/blockEnd.uasset" 102
"../../../../../Unreal Project 3/Kenneyjam2020/Content/KenneyJam/Meshes/Platformer/blockHalf.uasset" 103
"../../../../../Unreal Project 3/Kenneyjam2020/Content/KenneyJam/Meshes/Platformer/blockHexagon.uasset" 104
"../../../../../Unreal Project 3/Kenneyjam2020/Content/KenneyJam/Meshes/Platformer/blockHexagonLow.uasset" 105
"../../../../../Unreal Project 3/Kenneyjam2020/Content/KenneyJam/Meshes/Platformer/blockLarge.uasset" 106
"../../../../../Unreal Project 3/Kenneyjam2020/Content/KenneyJam/Meshes/Platformer/blockLevel.uasset" 107
"../../../../../Unreal Project 3/Kenneyjam2020/Content/KenneyJam/Meshes/Platformer/blockMoving.uasset" 108
"../../../../../Unreal Project 3/Kenneyjam2020/Content/KenneyJam/Meshes/Platformer/blockQuarter.uasset" 109
"../../../../../Unreal Project 3/Kenneyjam2020/Content/KenneyJam/Meshes/Platformer/blockSlope.uasset" 110
"../../../../../Unreal Project 3/Kenneyjam2020/Content/KenneyJam/Meshes/Platformer/blockSlopeHalf.uasset" 111
"../../../../../Unreal Project 3/Kenneyjam2020/Content/KenneyJam/Meshes/Platformer/blockSnow.uasset" 112
"../../../../../Unreal Project 3/Kenneyjam2020/Content/KenneyJam/Meshes/Platformer/blockSnowCliff.uasset" 113
"../../../../../Unreal Project 3/Kenneyjam2020/Content/KenneyJam/Meshes/Platformer/blockSnowCliffCorner.uasset" 114
"../../../../../Unreal Project 3/Kenneyjam2020/Content/KenneyJam/Meshes/Platformer/blockSnowCornerLarge.uasset" 115
"../../../../../Unreal Project 3/Kenneyjam2020/Content/KenneyJam/Meshes/Platformer/blockSnowCornerSmall.uasset" 116
"../../../../../Unreal Project 3/Kenneyjam2020/Content/KenneyJam/Meshes/Platformer/blockSnowEnd.uasset" 117
"../../../../../Unreal Project 3/Kenneyjam2020/Content/KenneyJam/Meshes/Platformer/blockSnowHalf.uasset" 118
"../../../../../Unreal Project 3/Kenneyjam2020/Content/KenneyJam/Meshes/Platformer/blockSnowHexagon.uasset" 119
"../../../../../Unreal Project 3/Kenneyjam2020/Content/KenneyJam/Meshes/Platformer/blockSnowHexagonLow.uasset" 120
"../../../../../Unreal Project 3/Kenneyjam2020/Content/KenneyJam/Meshes/Platformer/blockSnowLarge.uasset" 121
"../../../../../Unreal Project 3/Kenneyjam2020/Content/KenneyJam/Meshes/Platformer/blockSnowLevel.uasset" 122
"../../../../../Unreal Project 3/Kenneyjam2020/Content/KenneyJam/Meshes/Platformer/blockSnowQuarter.uasset" 123
"../../../../../Unreal Project 3/Kenneyjam2020/Content/KenneyJam/Meshes/Platformer/blockSnowSlope.uasset" 124
"../../../../../Unreal Project 3/Kenneyjam2020/Content/KenneyJam/Meshes/Platformer/blockSnowSlopeHalf.uasset" 125
"../../../../../Unreal Project 3/Kenneyjam2020/Content/KenneyJam/Meshes/Platformer/bridge.uasset" 126
"../../../../../Unreal Project 3/Kenneyjam2020/Content/KenneyJam/Meshes/Platformer/coinGold.uasset" 127
"../../../../../Unreal Project 3/Kenneyjam2020/Content/KenneyJam/Meshes/Platformer/coinSilver.uasset" 128
"../../../../../Unreal Project 3/Kenneyjam2020/Content/KenneyJam/Meshes/Platformer/crate.uasset" 129
"../../../../../Unreal Project 3/Kenneyjam2020/Content/KenneyJam/Meshes/Platformer/crateStrong.uasset" 130
"../../../../../Unreal Project 3/Kenneyjam2020/Content/KenneyJam/Meshes/Platformer/fenceBroken.uasset" 131
"../../../../../Unreal Project 3/Kenneyjam2020/Content/KenneyJam/Meshes/Platformer/fenceCorner.uasset" 132
"../../../../../Unreal Project 3/Kenneyjam2020/Content/KenneyJam/Meshes/Platformer/fenceCornerCurved.uasset" 133
"../../../../../Unreal Project 3/Kenneyjam2020/Content/KenneyJam/Meshes/Platformer/fenceLow.uasset" 134
"../../../../../Unreal Project 3/Kenneyjam2020/Content/KenneyJam/Meshes/Platformer/fenceLowBroken.uasset" 135
"../../../../../Unreal Project 3/Kenneyjam2020/Content/KenneyJam/Meshes/Platformer/fenceLowCorner.uasset" 136
"../../../../../Unreal Project 3/Kenneyjam2020/Content/KenneyJam/Meshes/Platformer/fenceLowCornerCurved.uasset" 137
"../../../../../Unreal Project 3/Kenneyjam2020/Content/KenneyJam/Meshes/Platformer/flowers.uasset" 138
"../../../../../Unreal Project 3/Kenneyjam2020/Content/KenneyJam/Meshes/Platformer/heart.uasset" 139
"../../../../../Unreal Project 3/Kenneyjam2020/Content/KenneyJam/Meshes/Platformer/hedge.uasset" 140
"../../../../../Unreal Project 3/Kenneyjam2020/Content/KenneyJam/Meshes/Platformer/hedgeCorner.uasset" 141
"../../../../../Unreal Project 3/Kenneyjam2020/Content/KenneyJam/Meshes/Platformer/jewel.uasset" 142
"../../../../../Unreal Project 3/Kenneyjam2020/Content/KenneyJam/Meshes/Platformer/key.uasset" 143
"../../../../../Unreal Project 3/Kenneyjam2020/Content/KenneyJam/Meshes/Platformer/ladder.uasset" 144
"../../../../../Unreal Project 3/Kenneyjam2020/Content/KenneyJam/Meshes/Platformer/ladderBroken.uasset" 145
"../../../../../Unreal Project 3/Kenneyjam2020/Content/KenneyJam/Meshes/Platformer/ladderLong.uasset" 146
"../../../../../Unreal Project 3/Kenneyjam2020/Content/KenneyJam/Meshes/Platformer/lever.uasset" 147
"../../../../../Unreal Project 3/Kenneyjam2020/Content/KenneyJam/Meshes/Platformer/mushrooms.uasset" 148
"../../../../../Unreal Project 3/Kenneyjam2020/Content/KenneyJam/Meshes/Platformer/platform.uasset" 149
"../../../../../Unreal Project 3/Kenneyjam2020/Content/KenneyJam/Meshes/Platformer/rocks.uasset" 150
"../../../../../Unreal Project 3/Kenneyjam2020/Content/KenneyJam/Meshes/Platformer/saw.uasset" 151
"../../../../../Unreal Project 3/Kenneyjam2020/Content/KenneyJam/Meshes/Platformer/sign.uasset" 152
"../../../../../Unreal Project 3/Kenneyjam2020/Content/KenneyJam/Meshes/Platformer/spikes.uasset" 153
"../../../../../Unreal Project 3/Kenneyjam2020/Content/KenneyJam/Meshes/Platformer/spikesHidden.uasset" 154
"../../../../../Unreal Project 3/Kenneyjam2020/Content/KenneyJam/Meshes/Platformer/spikesLarge.uasset" 155
"../../../../../Unreal Project 3/Kenneyjam2020/Content/KenneyJam/Meshes/Platformer/tree.uasset" 156
"../../../../../Unreal Project 3/Kenneyjam2020/Content/KenneyJam/Meshes/Platformer/treeSnow.uasset" 157
"../../../../../Unreal Project 3/Kenneyjam2020/Content/KenneyJam/Texture/Noise.uasset" 158
"../../Plugins/2D/Paper2D/Content/PlaceholderTextures/DummySpriteTexture.uasset" 159
"../../Plugins/2D/Paper2D/Content/DefaultSpriteMaterial.uasset" 160
"../../Plugins/2D/Paper2D/Content/TranslucentUnlitSpriteMaterial.uasset" 161
"../../../../../Unreal Project 3/Kenneyjam2020/Content/KenneyJam/Texture/silver_1_Sprite.uasset" 162
"../../../../../Unreal Project 3/Kenneyjam2020/Content/KenneyJam/Texture/silver_2_Sprite.uasset" 163
"../../../../../Unreal Project 3/Kenneyjam2020/Content/KenneyJam/Texture/silver_3_Sprite.uasset" 164
"../../../../../Unreal Project 3/Kenneyjam2020/Content/KenneyJam/Texture/silver_4_Sprite.uasset" 165
"../../../../../Unreal Project 3/Kenneyjam2020/Content/KenneyJam/Texture/silver.uasset" 166
"../../../../../Unreal Project 3/Kenneyjam2020/Content/KenneyJam/Texture/silver_1.uasset" 167
"../../../../../Unreal Project 3/Kenneyjam2020/Content/KenneyJam/Texture/silver_2.uasset" 168
"../../../../../Unreal Project 3/Kenneyjam2020/Content/KenneyJam/Texture/silver_3.uasset" 169
"../../../../../Unreal Project 3/Kenneyjam2020/Content/KenneyJam/Texture/silver_4.uasset" 170
"../../../../../Unreal Project 3/Kenneyjam2020/Content/KenneyJam/Texture/Scribbles/arrowCorner.uasset" 171
"../../../../../Unreal Project 3/Kenneyjam2020/Content/KenneyJam/Texture/Scribbles/arrowCornerSquare.uasset" 172
"../../../../../Unreal Project 3/Kenneyjam2020/Content/KenneyJam/Texture/Scribbles/arrowCrossing.uasset" 173
"../../../../../Unreal Project 3/Kenneyjam2020/Content/KenneyJam/Texture/Scribbles/arrowEnd.uasset" 174
"../../../../../Unreal Project 3/Kenneyjam2020/Content/KenneyJam/Texture/Scribbles/arrowHead.uasset" 175
"../../../../../Unreal Project 3/Kenneyjam2020/Content/KenneyJam/Texture/Scribbles/arrowSmall.uasset" 176
"../../../../../Unreal Project 3/Kenneyjam2020/Content/KenneyJam/Texture/Scribbles/arrowSplit.uasset" 177
"../../../../../Unreal Project 3/Kenneyjam2020/Content/KenneyJam/Texture/Scribbles/arrowStraight.uasset" 178
"../../../../../Unreal Project 3/Kenneyjam2020/Content/KenneyJam/Texture/Scribbles/banner.uasset" 179
"../../../../../Unreal Project 3/Kenneyjam2020/Content/KenneyJam/Texture/Scribbles/bridge.uasset" 180
"../../../../../Unreal Project 3/Kenneyjam2020/Content/KenneyJam/Texture/Scribbles/bridgeRope.uasset" 181
"../../../../../Unreal Project 3/Kenneyjam2020/Content/KenneyJam/Texture/Scribbles/bush.uasset" 182
"../../../../../Unreal Project 3/Kenneyjam2020/Content/KenneyJam/Texture/Scribbles/cactus.uasset" 183
"../../../../../Unreal Project 3/Kenneyjam2020/Content/KenneyJam/Texture/Scribbles/cactusLarge.uasset" 184
"../../../../../Unreal Project 3/Kenneyjam2020/Content/KenneyJam/Texture/Scribbles/campfire.uasset" 185
"../../../../../Unreal Project 3/Kenneyjam2020/Content/KenneyJam/Texture/Scribbles/castle.uasset" 186
"../../../../../Unreal Project 3/Kenneyjam2020/Content/KenneyJam/Texture/Scribbles/castleTall.uasset" 187
"../../../../../Unreal Project 3/Kenneyjam2020/Content/KenneyJam/Texture/Scribbles/castleWide.uasset" 188
"../../../../../Unreal Project 3/Kenneyjam2020/Content/KenneyJam/Texture/Scribbles/castleWideLow.uasset" 189
"../../../../../Unreal Project 3/Kenneyjam2020/Content/KenneyJam/Texture/Scribbles/chest.uasset" 190
"../../../../../Unreal Project 3/Kenneyjam2020/Content/KenneyJam/Texture/Scribbles/church.uasset" 191
"../../../../../Unreal Project 3/Kenneyjam2020/Content/KenneyJam/Texture/Scribbles/churchLarge.uasset" 192
"../../../../../Unreal Project 3/Kenneyjam2020/Content/KenneyJam/Texture/Scribbles/compass.uasset" 193
"../../../../../Unreal Project 3/Kenneyjam2020/Content/KenneyJam/Texture/Scribbles/dock.uasset" 194
"../../../../../Unreal Project 3/Kenneyjam2020/Content/KenneyJam/Texture/Scribbles/elementCircle.uasset" 195
"../../../../../Unreal Project 3/Kenneyjam2020/Content/KenneyJam/Texture/Scribbles/elementCross.uasset" 196
"../../../../../Unreal Project 3/Kenneyjam2020/Content/KenneyJam/Texture/Scribbles/elementDiamond.uasset" 197
"../../../../../Unreal Project 3/Kenneyjam2020/Content/KenneyJam/Texture/Scribbles/elementShield.uasset" 198
"../../../../../Unreal Project 3/Kenneyjam2020/Content/KenneyJam/Texture/Scribbles/elementSquare.uasset" 199
"../../../../../Unreal Project 3/Kenneyjam2020/Content/KenneyJam/Texture/Scribbles/fence.uasset" 200
"../../../../../Unreal Project 3/Kenneyjam2020/Content/KenneyJam/Texture/Scribbles/flag.uasset" 201
"../../../../../Unreal Project 3/Kenneyjam2020/Content/KenneyJam/Texture/Scribbles/gate.uasset" 202
"../../../../../Unreal Project 3/Kenneyjam2020/Content/KenneyJam/Texture/Scribbles/graveyard.uasset" 203
"../../../../../Unreal Project 3/Kenneyjam2020/Content/KenneyJam/Texture/Scribbles/house.uasset" 204
"../../../../../Unreal Project 3/Kenneyjam2020/Content/KenneyJam/Texture/Scribbles/houseChimney.uasset" 205
"../../../../../Unreal Project 3/Kenneyjam2020/Content/KenneyJam/Texture/Scribbles/houses.uasset" 206
"../../../../../Unreal Project 3/Kenneyjam2020/Content/KenneyJam/Texture/Scribbles/houseSmall.uasset" 207
"../../../../../Unreal Project 3/Kenneyjam2020/Content/KenneyJam/Texture/Scribbles/houseTall.uasset" 208
"../../../../../Unreal Project 3/Kenneyjam2020/Content/KenneyJam/Texture/Scribbles/houseViking.uasset" 209
"../../../../../Unreal Project 3/Kenneyjam2020/Content/KenneyJam/Texture/Scribbles/lake.uasset" 210
"../../../../../Unreal Project 3/Kenneyjam2020/Content/KenneyJam/Texture/Scribbles/lakeRound.uasset" 211
"../../../../../Unreal Project 3/Kenneyjam2020/Content/KenneyJam/Texture/Scribbles/lighthouse.uasset" 212
"../../../../../Unreal Project 3/Kenneyjam2020/Content/KenneyJam/Texture/Scribbles/mill.uasset" 213
"../../../../../Unreal Project 3/Kenneyjam2020/Content/KenneyJam/Texture/Scribbles/mine.uasset" 214
"../../../../../Unreal Project 3/Kenneyjam2020/Content/KenneyJam/Texture/Scribbles/palm.uasset" 215
"../../../../../Unreal Project 3/Kenneyjam2020/Content/KenneyJam/Texture/Scribbles/palmLarge.uasset" 216
"../../../../../Unreal Project 3/Kenneyjam2020/Content/KenneyJam/Texture/Scribbles/pathCorner.uasset" 217
"../../../../../Unreal Project 3/Kenneyjam2020/Content/KenneyJam/Texture/Scribbles/pathCrossing.uasset" 218
"../../../../../Unreal Project 3/Kenneyjam2020/Content/KenneyJam/Texture/Scribbles/pathEnd.uasset" 219
"../../../../../Unreal Project 3/Kenneyjam2020/Content/KenneyJam/Texture/Scribbles/pathSplit.uasset" 220
"../../../../../Unreal Project 3/Kenneyjam2020/Content/KenneyJam/Texture/Scribbles/pathStraight.uasset" 221
"../../../../../Unreal Project 3/Kenneyjam2020/Content/KenneyJam/Texture/Scribbles/pyramid.uasset" 222
"../../../../../Unreal Project 3/Kenneyjam2020/Content/KenneyJam/Texture/Scribbles/rocks.uasset" 223
"../../../../../Unreal Project 3/Kenneyjam2020/Content/KenneyJam/Texture/Scribbles/rocksA.uasset" 224
"../../../../../Unreal Project 3/Kenneyjam2020/Content/KenneyJam/Texture/Scribbles/rocksB.uasset" 225
"../../../../../Unreal Project 3/Kenneyjam2020/Content/KenneyJam/Texture/Scribbles/rocksMountain.uasset" 226
"../../../../../Unreal Project 3/Kenneyjam2020/Content/KenneyJam/Texture/Scribbles/rocksTall.uasset" 227
"../../../../../Unreal Project 3/Kenneyjam2020/Content/KenneyJam/Texture/Scribbles/ruins.uasset" 228
"../../../../../Unreal Project 3/Kenneyjam2020/Content/KenneyJam/Texture/Scribbles/ship.uasset" 229
"../../../../../Unreal Project 3/Kenneyjam2020/Content/KenneyJam/Texture/Scribbles/skull.uasset" 230
"../../../../../Unreal Project 3/Kenneyjam2020/Content/KenneyJam/Texture/Scribbles/stable.uasset" 231
"../../../../../Unreal Project 3/Kenneyjam2020/Content/KenneyJam/Texture/Scribbles/tent.uasset" 232
"../../../../../Unreal Project 3/Kenneyjam2020/Content/KenneyJam/Texture/Scribbles/textureBricks.uasset" 233
"../../../../../Unreal Project 3/Kenneyjam2020/Content/KenneyJam/Texture/Scribbles/textureStone.uasset" 234
"../../../../../Unreal Project 3/Kenneyjam2020/Content/KenneyJam/Texture/Scribbles/textureWater.uasset" 235
"../../../../../Unreal Project 3/Kenneyjam2020/Content/KenneyJam/Texture/Scribbles/tipi.uasset" 236
"../../../../../Unreal Project 3/Kenneyjam2020/Content/KenneyJam/Texture/Scribbles/tower.uasset" 237
"../../../../../Unreal Project 3/Kenneyjam2020/Content/KenneyJam/Texture/Scribbles/towerLow.uasset" 238
"../../../../../Unreal Project 3/Kenneyjam2020/Content/KenneyJam/Texture/Scribbles/towerTall.uasset" 239
"../../../../../Unreal Project 3/Kenneyjam2020/Content/KenneyJam/Texture/Scribbles/towerWatch.uasset" 240
"../../../../../Unreal Project 3/Kenneyjam2020/Content/KenneyJam/Texture/Scribbles/treePine.uasset" 241
"../../../../../Unreal Project 3/Kenneyjam2020/Content/KenneyJam/Texture/Scribbles/treePineLarge.uasset" 242
"../../../../../Unreal Project 3/Kenneyjam2020/Content/KenneyJam/Texture/Scribbles/treePines.uasset" 243
"../../../../../Unreal Project 3/Kenneyjam2020/Content/KenneyJam/Texture/Scribbles/treePinesSmall.uasset" 244
"../../../../../Unreal Project 3/Kenneyjam2020/Content/KenneyJam/Texture/Scribbles/treePineTall.uasset" 245
"../../../../../Unreal Project 3/Kenneyjam2020/Content/KenneyJam/Texture/Scribbles/treePineTallLarge.uasset" 246
"../../../../../Unreal Project 3/Kenneyjam2020/Content/KenneyJam/Texture/Scribbles/treePineTallLow.uasset" 247
"../../../../../Unreal Project 3/Kenneyjam2020/Content/KenneyJam/Texture/Scribbles/treeTall.uasset" 248
"../../../../../Unreal Project 3/Kenneyjam2020/Content/KenneyJam/Texture/Scribbles/vulcano.uasset" 249
"../../../../../Unreal Project 3/Kenneyjam2020/Content/KenneyJam/Texture/Scribbles/wall.uasset" 250
"../../../../../Unreal Project 3/Kenneyjam2020/Content/KenneyJam/Texture/Scribbles/watchtower.uasset" 251
"../../../../../Unreal Project 3/Kenneyjam2020/Content/KenneyJam/Texture/Scribbles/waterWheel.uasset" 252
"../../../../../Unreal Project 3/Kenneyjam2020/Content/KenneyJam/Texture/Scribbles/well.uasset" 253
"../../../../../Unreal Project 3/Kenneyjam2020/Content/KenneyJam/Texture/UI/blue_button06.uasset" 254
"../../../../../Unreal Project 3/Kenneyjam2020/Content/KenneyJam/Texture/UI/green_button06.uasset" 255
"../../../../../Unreal Project 3/Kenneyjam2020/Content/KenneyJam/Texture/UI/grey_sliderVertical.uasset" 256
"../../../../../Unreal Project 3/Kenneyjam2020/Content/KenneyJam/Texture/UI/cursor.uasset" 257
"../../../../../Unreal Project 3/Kenneyjam2020/Content/KenneyJam/Widget/Pointer_arrow.uasset" 258
"../../../../../Unreal Project 3/Kenneyjam2020/Content/KenneyJam/Texture/UI/pointer.uasset" 259
"../../../../../Unreal Project 3/Kenneyjam2020/Content/KenneyJam/Widget/Pointer_Pointer.uasset" 260
"../../../Engine/Content/Animation/DefaultAnimCurveCompressionSettings.uasset" 261
"../../../Engine/Content/ArtTools/RenderToTexture/Meshes/S_1_Unit_Plane.uasset" 262
"../../../Engine/Content/EngineMaterials/DefaultMaterial.uasset" 263
"../../../Engine/Content/BasicShapes/Cone.uasset" 264
"../../../Engine/Content/BasicShapes/Cylinder.uasset" 265
"../../../Engine/Content/BasicShapes/Plane.uasset" 266
"../../../Engine/Content/BasicShapes/Sphere.uasset" 267
"../../../Engine/Content/EditorLandscapeResources/DataLayer.uasset" 268
"../../../Engine/Content/EditorMaterials/MAT_Groups_Toggle.uasset" 269
"../../../Engine/Content/EditorMaterials/MAT_Groups_Visibility.uasset" 270
"../../../Engine/Content/EditorMaterials/PreviewShadowIndicator.uasset" 271
"../../../Engine/Content/EditorMaterials/PreviewShadowIndicatorMaterial.uasset" 272
"../../../Engine/Content/EditorMaterials/MatineeGroups/MAT_ColorTrack.uasset" 273
"../../../Engine/Content/EditorMaterials/MatineeGroups/MAT_Groups_Anim.uasset" 274
"../../../Engine/Content/EditorMaterials/MatineeGroups/MAT_Groups_AudioMaster.uasset" 275
"../../../Engine/Content/EditorMaterials/MatineeGroups/MAT_Groups_Director.uasset" 276
"../../../Engine/Content/EditorMaterials/MatineeGroups/MAT_Groups_Event.uasset" 277
"../../../Engine/Content/EditorMaterials/MatineeGroups/MAT_Groups_Fade.uasset" 278
"../../../Engine/Content/EditorMaterials/MatineeGroups/MAT_Groups_Float.uasset" 279
"../../../Engine/Content/EditorMaterials/MatineeGroups/MAT_Groups_Move.uasset" 280
"../../../Engine/Content/EditorMaterials/MatineeGroups/MAT_Groups_Slomo.uasset" 281
"../../../Engine/Content/EditorMaterials/MatineeGroups/MAT_Groups_Sound.uasset" 282
"../../../Engine/Content/EditorMaterials/MatineeGroups/MAT_Groups_Vector.uasset" 283
"../../../Engine/Content/EditorMaterials/ParticleSystems/PSysThumbnail_NoImage.uasset" 284
"../../../Engine/Content/EditorMaterials/ParticleSystems/PSysThumbnail_OOD.uasset" 285
"../../../Engine/Content/EditorMaterials/Camera/CineMat.uasset" 286
"../../../Engine/Content/EditorMaterials/Camera/MI_CineMat_Rig.uasset" 287
"../../../Engine/Content/EditorMeshes/Camera/SM_CraneRig_Arm.uasset" 288
"../../../Engine/Content/EditorMeshes/Camera/SM_CraneRig_Base.uasset" 289
"../../../Engine/Content/EditorMeshes/Camera/SM_CraneRig_Body.uasset" 290
"../../../Engine/Content/EditorMeshes/Camera/SM_CraneRig_Mount.uasset" 291
"../../../Engine/Content/EditorMeshes/Camera/SM_RailRig_Mount.uasset" 292
"../../../Engine/Content/EditorMeshes/Camera/SM_RailRig_Track.uasset" 293
"../../../Engine/Content/EditorResources/BSPVertex.uasset" 294
"../../../Engine/Content/EditorResources/S_Actor.uasset" 295
"../../../Engine/Content/EditorResources/S_Note.uasset" 296
"../../../Engine/Content/EditorResources/S_Solver.uasset" 297
"../../../Engine/Content/EditorResources/S_Trigger.uasset" 298
"../../../Engine/Content/EditorResources/SequenceRecorder/Countdown.uasset" 299
"../../../Engine/Content/EditorResources/SequenceRecorder/RecordingIndicator.uasset" 300
"../../../Engine/Content/EditorSounds/Notifications/CompileFailed.uasset" 301
"../../../Engine/Content/EditorSounds/Notifications/CompileFailed_Cue.uasset" 302
"../../../Engine/Content/EditorSounds/Notifications/CompileSuccess.uasset" 303
"../../../Engine/Content/EditorSounds/Notifications/CompileStart_Cue.uasset" 304
"../../../Engine/Content/EditorSounds/Notifications/CompileSuccess_Cue.uasset" 305
"../../../Engine/Content/EngineDamageTypes/DmgTypeBP_Environmental.uasset" 306
"../../../Engine/Content/EngineDebugMaterials/DebugEditorMaterial.uasset" 307
"../../../Engine/Content/EngineDebugMaterials/DebugMeshMaterial.uasset" 308
"../../../Engine/Content/EngineDebugMaterials/M_SimpleUnlitTranslucent.uasset" 309
"../../../Engine/Content/Functions/Engine_MaterialFunctions02/Utility/CameraDirectionVector.uasset" 310
"../../../Engine/Content/EngineDebugMaterials/VolumeToRender.uasset" 311
"../../../Engine/Content/EngineDebugMaterials/M_VolumeRenderSphereTracePP.uasset" 312
"../../../Engine/Content/EngineDebugMaterials/WireframeMaterial.uasset" 313
"../../../Engine/Content/EngineFonts/Faces/DroidSansFallback.uasset" 314
"../../../Engine/Content/EngineFonts/Faces/RobotoBold.uasset" 315
"../../../Engine/Content/EngineFonts/Faces/RobotoBoldItalic.uasset" 316
"../../../Engine/Content/EngineFonts/Faces/RobotoItalic.uasset" 317
"../../../Engine/Content/EngineFonts/Faces/RobotoLight.uasset" 318
"../../../Engine/Content/EngineFonts/Faces/RobotoRegular.uasset" 319
"../../../Engine/Content/EngineFonts/Roboto.uasset" 320
"../../../Engine/Content/EngineMaterials/BaseFlattenDiffuseMap.uasset" 321
"../../../Engine/Content/EngineMaterials/BaseFlattenEmissiveMap.uasset" 322
"../../../Engine/Content/EngineMaterials/BaseFlattenGrayscaleMap.uasset" 323
"../../../Engine/Content/EngineMaterials/BaseFlattenNormalMap.uasset" 324
"../../../Engine/Content/EngineMaterials/BaseFlattenMaterial.uasset" 325
"../../../Engine/Content/EngineMaterials/BlueNoise.uasset" 326
"../../../Engine/Content/EngineMaterials/DefaultBloomKernel.uasset" 327
"../../../Engine/Content/EngineMaterials/DefaultBokeh.uasset" 328
"../../../Engine/Content/EngineMaterials/DefaultDiffuse.uasset" 329
"../../../Engine/Content/EngineMaterials/DefaultDeferredDecalMaterial.uasset" 330
"../../../Engine/Content/EngineMaterials/DefaultLightFunctionMaterial.uasset" 331
"../../../Engine/Content/EngineMaterials/DefaultPhysicalMaterial.uasset" 332
"../../../Engine/Content/Functions/Engine_MaterialFunctions02/Utility/BreakOutFloat2Components.uasset" 333
"../../../Engine/Content/EngineMaterials/DefaultPostProcessMaterial.uasset" 334
"../../../Engine/Content/EngineFonts/RobotoDistanceField.uasset" 335
"../../../Engine/Content/EngineMaterials/DefaultTextMaterialOpaque.uasset" 336
"../../../Engine/Content/EngineMaterials/DefaultWhiteGrid.uasset" 337
"../../../Engine/Content/EngineMaterials/DefaultWhiteGrid_Low.uasset" 338
"../../../Engine/Content/EngineMaterials/EmissiveMeshMaterial.uasset" 339
"../../../Engine/Content/EngineMaterials/GizmoMaterial.uasset" 340
"../../../Engine/Content/EngineMaterials/Good64x64TilingNoiseHighFreq.uasset" 341
"../../../Engine/Content/EngineMaterials/MiniFont.uasset" 342
"../../../Engine/Content/EngineMaterials/InvalidLightmapSettings.uasset" 343
"../../../Engine/Content/EngineMaterials/M_InvalidLightmapSettings.uasset" 344
"../../../Engine/Content/Functions/Engine_MaterialFunctions02/WorldPositionOffset/CameraOffset.uasset" 345
"../../../Engine/Content/EngineMaterials/PhAT_JointLimitMaterial.uasset" 346
"../../../Engine/Content/EngineMaterials/PreintegratedSkinBRDF.uasset" 347
"../../../Engine/Content/EngineMaterials/RemoveSurfaceMaterial.uasset" 348
"../../../Engine/Content/EngineMaterials/WeightMapPlaceholderTexture.uasset" 349
"../../../Engine/Content/EngineResources/WhiteSquareTexture.uasset" 350
"../../../Engine/Content/EngineMaterials/Widget3DPassThrough.uasset" 351
"../../../Engine/Content/EngineMaterials/Widget3DPassThrough_Masked.uasset" 352
"../../../Engine/Content/EngineMaterials/Widget3DPassThrough_Opaque.uasset" 353
"../../../Engine/Content/EngineMaterials/Widget3DPassThrough_Masked_OneSided.uasset" 354
"../../../Engine/Content/EngineMaterials/Widget3DPassThrough_Opaque_OneSided.uasset" 355
"../../../Engine/Content/EngineMaterials/Widget3DPassThrough_Translucent.uasset" 356
"../../../Engine/Content/EngineMaterials/Widget3DPassThrough_Translucent_OneSided.uasset" 357
"../../../Engine/Content/EngineMeshes/Cylinder.uasset" 358
"../../../Engine/Content/EngineMeshes/Sphere.uasset" 359
"../../../Engine/Content/EngineResources/Black.uasset" 360
"../../../Engine/Content/EngineResources/DefaultTexture.uasset" 361
"../../../Engine/Content/EngineResources/DefaultTextureCube.uasset" 362
"../../../Engine/Content/EngineResources/DefaultVolumeTexture2D.uasset" 363
"../../../Engine/Content/EngineResources/DefaultVolumeTexture.uasset" 364
"../../../Engine/Content/EngineResources/GradientTexture0.uasset" 365
"../../../Engine/Content/EngineSounds/Master.uasset" 366
"../../../Engine/Content/Functions/Engine_MaterialFunctions01/Shading/ConvertFromDiffSpec.uasset" 367
"../../../Engine/Content/Functions/Engine_MaterialFunctions01/Shading/PowerToRoughness.uasset" 368
"../../../Engine/Content/Maps/Templates/Thumbnails/Default.uasset" 369
"../../../Engine/Content/Maps/Templates/Thumbnails/TimeOfDay.uasset" 370
"../../../Engine/Content/Maps/Templates/Thumbnails/VR-Basic.uasset" 371
"../../../Engine/Content/MobileResources/T_MobileControls_texture.uasset" 372
"../../../Engine/Content/MobileResources/T_MobileMenu2.uasset" 373
"../../../Engine/Content/MobileResources/HUD/AnalogHat.uasset" 374
"../../../Engine/Content/MobileResources/HUD/VirtualJoystick_Background.uasset" 375
"../../../Engine/Content/MobileResources/HUD/VirtualJoystick_Thumb.uasset" 376
"../../../Engine/Content/MobileResources/HUD/DefaultVirtualJoysticks.uasset" 377
"../../../Engine/Content/MobileResources/HUD/LeftVirtualJoystickOnly.uasset" 378
"../../../Engine/Content/MobileResources/HUD/MobileHUDButton1_off.uasset" 379
"../../../Engine/Content/MobileResources/HUD/MobileHUDButton1_on.uasset" 380
"../../../Engine/Content/MobileResources/HUD/MobileHUDButton2_off.uasset" 381
"../../../Engine/Content/MobileResources/HUD/MobileHUDButton2_on.uasset" 382
"../../../Engine/Content/MobileResources/HUD/MobileHUDButton3.uasset" 383
"../../../Engine/Content/MobileResources/HUD/MobileHUDButtonFire.uasset" 384
"../../../Engine/Content/MobileResources/HUD/MobileHUDDirectionPad.uasset" 385
"../../../Engine/Content/MobileResources/HUD/MobileHUDDirectionPad2.uasset" 386
"../../../Engine/Content/MobileResources/HUD/MobileHUDDirectionPad3.uasset" 387
"../../../Engine/Content/MobileResources/HUD/MobileHUDDirectionStick.uasset" 388
"../../../Engine/Content/MobileResources/HUD/T_Castle_ThumbstickInner.uasset" 389
"../../../Engine/Content/MobileResources/HUD/T_Castle_ThumbstickOutter.uasset" 390
"../../../Engine/Content/Tutorial/ContentIntroCurve.uasset" 391
"../../../Engine/Content/Tutorial/Basics/LevelEditorAttract.uasset" 392
"../../../Engine/Content/Tutorial/Basics/TutorialAssets/icon_tab_Levels_40x.uasset" 393
"../../../Engine/Content/Tutorial/Basics/LevelEditorOverview.uasset" 394
"../../../Engine/Content/Tutorial/BlueprintTutorials/TutorialAssets/Blueprint_64x.uasset" 395
"../../../Engine/Content/Tutorial/BlueprintTutorials/BlueprintEditorTutorial.uasset" 396
"../../../Engine/Content/Tutorial/Installation/InstallingVisualStudioTutorial.uasset" 397
"../../../Engine/Content/Tutorial/SubEditors/MaterialEditorTutorial.uasset" 398
"../../../Engine/Content/Tutorial/SubEditors/TutorialAssets/TutorialMaterial.uasset" 399
"../../../Engine/Content/VREditor/LaserPointer/VR_LaserPower_01.uasset" 400
"../../../Engine/Content/VREditor/TransformGizmo/TransformGizmoMaterial.uasset" 401
"../../../Engine/Content/VREditor/TransformGizmo/TranslucentTransformGizmoMaterial.uasset" 402
"../../../Engine/Content/VREditor/TransformGizmo/BoundingBoxCorner.uasset" 403
"../../../Engine/Content/VREditor/TransformGizmo/BoundingBoxEdge.uasset" 404
"../../../Engine/Content/VREditor/TransformGizmo/PlaneTranslationHandle.uasset" 405
"../../../Engine/Content/VREditor/TransformGizmo/Main.uasset" 406
"../../../Engine/Content/VREditor/TransformGizmo/Xray.uasset" 407
"../../../Engine/Content/VREditor/TransformGizmo/SM_Sequencer_Key.uasset" 408
"../../../Engine/Content/VREditor/TransformGizmo/SM_Sequencer_Node.uasset" 409
"../../Plugins/2D/Paper2D/Content/DummySprite.uasset" 410
"../../Plugins/2D/Paper2D/Content/DefaultPaperTerrainMaterial.uasset" 411
"../../Plugins/2D/Paper2D/Content/MaskedUnlitSpriteMaterial.uasset" 412
"../../Plugins/2D/Paper2D/Content/OpaqueUnlitSpriteMaterial.uasset" 413
"../../Plugins/FX/Niagara/Content/Enums/ENiagaraBooleanLogicOps.uasset" 414
"../../Plugins/FX/Niagara/Content/Enums/ENiagaraCoordinateSpace.uasset" 415
"../../Plugins/FX/Niagara/Content/Enums/ENiagaraExpansionMode.uasset" 416
"../../Plugins/FX/Niagara/Content/Enums/ENiagaraOrientationAxis.uasset" 417
"../../Plugins/FX/Niagara/Content/Enums/ENiagaraRandomnessMode.uasset" 418
"../../../Engine/Content/Functions/Engine_MaterialFunctions02/Utility/BreakOutFloat4Components.uasset" 419
"../../../Engine/Content/Functions/Engine_MaterialFunctions02/Utility/MakeFloat2.uasset" 420
"../../../Engine/Content/Functions/Engine_MaterialFunctions02/Utility/MakeFloat3.uasset" 421
"../../Plugins/Runtime/Oculus/OculusVR/Content/Materials/OculusMR_ChromaKey.uasset" 422
"../../Plugins/Runtime/Oculus/OculusVR/Content/Materials/OculusMR_ChromaKey_Lit.uasset" 423
"../../Plugins/Runtime/Oculus/OculusVR/Content/Materials/OculusMR_OpaqueColoredMaterial.uasset" 424
"../../Plugins/Runtime/Oculus/OculusVR/Content/Materials/OculusMR_WhiteMaterial.uasset" 425
"../../../../../Unreal Project 3/Kenneyjam2020/Content/KenneyJam/Meshes/Food/watermelon.uasset" 426
"../../../../../Unreal Project 3/Kenneyjam2020/Content/KenneyJam/Blueprint/Core/Bullet.uasset" 427
"../../../../../Unreal Project 3/Kenneyjam2020/Content/KenneyJam/Meshes/Castle/towerTop.uasset" 428
"../../../../../Unreal Project 3/Kenneyjam2020/Content/KenneyJam/Blueprint/Platformer/Cannon.uasset" 429
"../../../../../Unreal Project 3/Kenneyjam2020/Content/KenneyJam/Meshes/Platformer/flag.uasset" 430
"../../../../../Unreal Project 3/Kenneyjam2020/Content/KenneyJam/Blueprint/Platformer/EmptyScene.uasset" 431
"../../../../../Unreal Project 3/Kenneyjam2020/Content/KenneyJam/Meshes/Character/Animations/idle_Root_Idle.uasset" 432
"../../../../../Unreal Project 3/Kenneyjam2020/Content/KenneyJam/Meshes/Character/Animations/run_Root_Run.uasset" 433
"../../../../../Unreal Project 3/Kenneyjam2020/Content/KenneyJam/Meshes/Character/Idle_run.uasset" 434
"../../../Engine/Content/EditorBlueprintResources/StandardMacros.uasset" 435
"../../../../../Unreal Project 3/Kenneyjam2020/Content/KenneyJam/Meshes/Character/Character_AnimBp.uasset" 436
"../../../../../Unreal Project 3/Kenneyjam2020/Content/KenneyJam/Blueprint/Core/K_macro.uasset" 437
"../../../../../Unreal Project 3/Kenneyjam2020/Content/KenneyJam/Blueprint/Core/FollowPlayerDistractions.uasset" 438
"../../../../../Unreal Project 3/Kenneyjam2020/Content/KenneyJam/Audio/ready.uasset" 439
"../../../../../Unreal Project 3/Kenneyjam2020/Content/KenneyJam/Meshes/Character/skin.uasset" 440
"../../../../../Unreal Project 3/Kenneyjam2020/Content/KenneyJam/Meshes/Character/characterMedium_PhysicsAsset.uasset" 441
"../../../../../Unreal Project 3/Kenneyjam2020/Content/KenneyJam/Meshes/Character/characterMedium.uasset" 442
"../../../../../Unreal Project 3/Kenneyjam2020/Content/KenneyJam/Meshes/Platformer/arrow.uasset" 443
"../../../../../Unreal Project 3/Kenneyjam2020/Content/KenneyJam/Blueprint/Core/K_Funtions.uasset" 444
"../../../../../Unreal Project 3/Kenneyjam2020/Content/KenneyJam/Widget/Font/Kenney_Bold.uasset" 445
"../../../../../Unreal Project 3/Kenneyjam2020/Content/KenneyJam/Widget/Font/Kenney_Bold_Font.uasset" 446
"../../../../../Unreal Project 3/Kenneyjam2020/Content/KenneyJam/Texture/bunny1_stand.uasset" 447
"../../../../../Unreal Project 3/Kenneyjam2020/Content/KenneyJam/Materials/Saturate_UI_M.uasset" 448
"../../../../../Unreal Project 3/Kenneyjam2020/Content/KenneyJam/Texture/lifes.uasset" 449
"../../../../../Unreal Project 3/Kenneyjam2020/Content/KenneyJam/Materials/Saturate_UI_M_Inst.uasset" 450
"../../../../../Unreal Project 3/Kenneyjam2020/Content/KenneyJam/Texture/tile_coin.uasset" 451
"../../../../../Unreal Project 3/Kenneyjam2020/Content/KenneyJam/Widget/HUD_w.uasset" 452
"../../../../../Unreal Project 3/Kenneyjam2020/Content/KenneyJam/Audio/loser.uasset" 453
"../../../../../Unreal Project 3/Kenneyjam2020/Content/KenneyJam/Texture/Controls_Itch_bunny.uasset" 454
"../../../../../Unreal Project 3/Kenneyjam2020/Content/KenneyJam/Audio/click_001.uasset" 455
"../../../../../Unreal Project 3/Kenneyjam2020/Content/KenneyJam/Audio/glitch_001.uasset" 456
"../../../../../Unreal Project 3/Kenneyjam2020/Content/KenneyJam/Texture/UI/green_button09.uasset" 457
"../../../../../Unreal Project 3/Kenneyjam2020/Content/KenneyJam/Texture/UI/grey_button07.uasset" 458
"../../../../../Unreal Project 3/Kenneyjam2020/Content/KenneyJam/Widget/Subwidgets/ButtonWithName.uasset" 459
"../../../../../Unreal Project 3/Kenneyjam2020/Content/KenneyJam/Widget/Pause_Menu.uasset" 460
"../../../../../Unreal Project 3/Kenneyjam2020/Content/KenneyJam/Blueprint/Core/K_Player.uasset" 461
"../../../../../Unreal Project 3/Kenneyjam2020/Content/KenneyJam/Blueprint/Core/K_PlayerController.uasset" 462
"../../../../../Unreal Project 3/Kenneyjam2020/Content/KenneyJam/Blueprint/Core/K_GameMode.uasset" 463
"../../../../../Unreal Project 3/Kenneyjam2020/Content/KenneyJam/Meshes/Platformer/button.uasset" 464
"../../../../../Unreal Project 3/Kenneyjam2020/Content/KenneyJam/Blueprint/Platformer/Button.uasset" 465
"../../../../../Unreal Project 3/Kenneyjam2020/Content/KenneyJam/Meshes/Food/carrot.uasset" 466
"../../../../../Unreal Project 3/Kenneyjam2020/Content/KenneyJam/Widget/TK_end.uasset" 467
"../../../../../Unreal Project 3/Kenneyjam2020/Content/KenneyJam/Blueprint/Platformer/Carrot.uasset" 468
"../../../../../Unreal Project 3/Kenneyjam2020/Content/KenneyJam/Blueprint/Platformer/ChangeCameraRot.uasset" 469
"../../../../../Unreal Project 3/Kenneyjam2020/Content/KenneyJam/Materials/Basic_Rotate_M.uasset" 470
"../../../../../Unreal Project 3/Kenneyjam2020/Content/KenneyJam/Materials/Basic_Rotate_M_Inst.uasset" 471
"../../../../../Unreal Project 3/Kenneyjam2020/Content/KenneyJam/Meshes/Platformer/coinBronze.uasset" 472
"../../../../../Unreal Project 3/Kenneyjam2020/Content/KenneyJam/Audio/kill_it.uasset" 473
"../../../../../Unreal Project 3/Kenneyjam2020/Content/KenneyJam/Widget/JumpScare.uasset" 474
"../../../../../Unreal Project 3/Kenneyjam2020/Content/KenneyJam/Blueprint/Platformer/Coin.uasset" 475
"../../../../../Unreal Project 3/Kenneyjam2020/Content/KenneyJam/Meshes/Platformer/door.uasset" 476
"../../../../../Unreal Project 3/Kenneyjam2020/Content/KenneyJam/Blueprint/Platformer/Door.uasset" 477
"../../../../../Unreal Project 3/Kenneyjam2020/Content/KenneyJam/Blueprint/Platformer/Fake_Death_Box.uasset" 478
"../../../Engine/Content/BasicShapes/BasicShapeMaterial.uasset" 479
"../../../../../Unreal Project 3/Kenneyjam2020/Content/KenneyJam/Materials/PostProcess/MF_Getpixeldepth.uasset" 480
"../../../../../Unreal Project 3/Kenneyjam2020/Content/KenneyJam/Materials/PostProcess/PP_Map.uasset" 481
"../../../../../Unreal Project 3/Kenneyjam2020/Content/KenneyJam/Materials/PostProcess/parchmentBasic.uasset" 482
"../../../../../Unreal Project 3/Kenneyjam2020/Content/KenneyJam/Materials/PostProcess/PP_Map_Inst.uasset" 483
"../../../Engine/Content/BasicShapes/Cube.uasset" 484
"../../../../../Unreal Project 3/Kenneyjam2020/Content/KenneyJam/Meshes/Castle/flagBannerShort.uasset" 485
"../../../../../Unreal Project 3/Kenneyjam2020/Content/KenneyJam/Meshes/Platformer/arrows.uasset" 486
"../../../../../Unreal Project 3/Kenneyjam2020/Content/KenneyJam/Meshes/Platformer/block.uasset" 487
"../../../../../Unreal Project 3/Kenneyjam2020/Content/KenneyJam/Meshes/Platformer/blockDirt.uasset" 488
"../../../../../Unreal Project 3/Kenneyjam2020/Content/KenneyJam/Meshes/Platformer/bridgeHalf.uasset" 489
"../../../../../Unreal Project 3/Kenneyjam2020/Content/KenneyJam/Meshes/Platformer/bridgeRamp.uasset" 490
"../../../../../Unreal Project 3/Kenneyjam2020/Content/KenneyJam/Meshes/Platformer/cube.uasset" 491
"../../../../../Unreal Project 3/Kenneyjam2020/Content/KenneyJam/Meshes/Platformer/fence.uasset" 492
"../../../../../Unreal Project 3/Kenneyjam2020/Content/KenneyJam/Map/Level1.umap" 493
"../../../../../Unreal Project 3/Kenneyjam2020/Content/KenneyJam/Blueprint/Menu/Menu_controller.uasset" 494
"../../../../../Unreal Project 3/Kenneyjam2020/Content/KenneyJam/Blueprint/Menu/Menu_pawn.uasset" 495
"../../../../../Unreal Project 3/Kenneyjam2020/Content/KenneyJam/Blueprint/Menu/Menu_GM.uasset" 496
"../../../../../Unreal Project 3/Kenneyjam2020/Content/KenneyJam/Texture/Logo_bunny.uasset" 497
"../../../../../Unreal Project 3/Kenneyjam2020/Content/KenneyJam/Widget/Main_Menu.uasset" 498
"../../../../../Unreal Project 3/Kenneyjam2020/Content/KenneyJam/Map/Menu/Menu.umap" 499
"../../../Engine/Content/Maps/Entry_BuiltData.uasset" 500
"../../../Engine/Content/Maps/Entry.umap" 501
